0 info it worked if it ends with ok
1 verbose cli [ '/Users/rbower/.nvm/versions/node/v7.2.1/bin/node',
1 verbose cli   '/Users/rbower/.nvm/versions/node/v7.2.1/bin/npm',
1 verbose cli   'publish' ]
2 info using npm@4.1.1
3 info using node@v7.2.1
4 verbose publish [ '.' ]
5 silly cache add args [ '.', null ]
6 verbose cache add spec .
7 silly cache add parsed spec Result {
7 silly cache add   raw: '.',
7 silly cache add   scope: null,
7 silly cache add   escapedName: null,
7 silly cache add   name: null,
7 silly cache add   rawSpec: '.',
7 silly cache add   spec: '/Users/rbower/htdocs/cc/cli',
7 silly cache add   type: 'directory' }
8 verbose addLocalDirectory /Users/rbower/.npm/cloudcompose/1.2.1/package.tgz not in flight; packing
9 verbose correctMkdir /Users/rbower/.npm correctMkdir not in flight; initializing
10 info lifecycle cloudcompose@1.2.1~prepublish: cloudcompose@1.2.1
11 silly lifecycle cloudcompose@1.2.1~prepublish: no script for prepublish, continuing
12 info lifecycle cloudcompose@1.2.1~prepare: cloudcompose@1.2.1
13 silly lifecycle cloudcompose@1.2.1~prepare: no script for prepare, continuing
14 verbose tar pack [ '/Users/rbower/.npm/cloudcompose/1.2.1/package.tgz',
14 verbose tar pack   '/Users/rbower/htdocs/cc/cli' ]
15 verbose tarball /Users/rbower/.npm/cloudcompose/1.2.1/package.tgz
16 verbose folder /Users/rbower/htdocs/cc/cli
17 verbose addLocalTarball adding from inside cache /Users/rbower/.npm/cloudcompose/1.2.1/package.tgz
18 verbose correctMkdir /Users/rbower/.npm correctMkdir not in flight; initializing
19 silly cache afterAdd cloudcompose@1.2.1
20 verbose afterAdd /Users/rbower/.npm/cloudcompose/1.2.1/package/package.json not in flight; writing
21 verbose correctMkdir /Users/rbower/.npm correctMkdir not in flight; initializing
22 verbose afterAdd /Users/rbower/.npm/cloudcompose/1.2.1/package/package.json written
23 silly publish { name: 'cloudcompose',
23 silly publish   version: '1.2.1',
23 silly publish   description: 'An open community marketplace for serverless workflows. https://cloudcompose.io',
23 silly publish   main: 'src/index.js',
23 silly publish   bin: { cloudcompose: 'src/bin.js' },
23 silly publish   scripts: { test: 'echo "Error: no test specified" && exit 1' },
23 silly publish   repository:
23 silly publish    { type: 'git',
23 silly publish      url: 'git+https://github.com/servicefull/cloudcompose.git' },
23 silly publish   dependencies:
23 silly publish    { chalk: '^1.1.3',
23 silly publish      'child-process-promise': '^2.2.1',
23 silly publish      cmnd: '~0.2.1',
23 silly publish      'fs-extra': '^4.0.1',
23 silly publish      'graphql-client': '^1.1.0',
23 silly publish      inquirer: '^3.2.2',
23 silly publish      lokka: '^1.7.0',
23 silly publish      'lokka-transport-http': '^1.6.1',
23 silly publish      request: '^2.81.0',
23 silly publish      'request-promise': '^4.2.1',
23 silly publish      yamljs: '^0.3.0' },
23 silly publish   engines: { node: '>=6.0.0' },
23 silly publish   author: { name: 'servicefull' },
23 silly publish   license: 'ISC',
23 silly publish   bugs: { url: 'https://github.com/servicefull/cloudcompose/issues' },
23 silly publish   homepage: 'https://github.com/servicefull/cloudcompose#readme',
23 silly publish   readme: '## cloudCompose\n\nAn open comunity marketplace for serverless workflows.\n\nhttp://cloudcompose.io\n\nThe cloudCompose platform is built on the premise of building a community of serverless functions, services and workflows. By installing the command line tool locally, users can contribute their services to the marketplace with ease. In adition, by using the deployment feature within the marketplace, users can send any service directly to their own AWS environment with a single-click.\n\n## Contents\n\n* [Installation](#installation)\n* [Requirements](#requirements)\n* [Commands](#commands)\n* [Customization](#customization)\n* [Deployments](#deployments)\n* [Contributions](#contributions)\n\n## <a name="installation"></a>Installation\n\nThe cloudCompose tool is available on NPM, and should be installed globally.\n```bash\nnpm install cloudcompose -g\n```\n\n## <a name="requirements"></a>Requirements\n\nLambda functions: cloudCompose services consist mainly of serverless lambda functions for use in Amazon Web Services.\nServerless.yml: cloudCompose is built onto of the Serverless Framework, the leading framework for developing and deploying serverless applications to the cloud. In order to use our tool, you must also have the serverless framework installed.\n```bash\nnpm install serverless -g\n```\n\nAll service deployments require a serverless.yml file in order to be consumed by the cloudCompose tool. Serverless.yml files instruct the framework on how your application should be configured within your cloud account.\n\nFor more information on how to configure a serverless.yml file, head over to the docs on serverless.com.\n\n## <a name="commands"></a>Commands\n\n### Initialize:\n\nIn order to use the tool, you must first register as a user, login and find your access key on your user profile page. This will give you access to add services to the marketplace. Once you have your access key:\n```bash\ncloudcompose init\n```\n\nYou will then be prompted to enter your access key. If you wish to override your access, you can use the —force flag, and you will be prompted to enter a new one.\n\n### Up:\n\nThe UP command will send your service up to the cloudCompose service marketplace, where it can be deployed by all other user. In order to add your service you must provide a valid path to a directory containing your lambda functions and your serverless.yml. If no path is supplied the tool will use the current path inside of your terminal window.\n```bash\ncloudcompose up  — path ~/path/to/your/service\n```\n\n## <a name="customization"></a>Customization\n\n### README:\n\nThe tool allows for README.md support. If a README exists in your directory path, this file will also be added to your service and viewable by everyone in the marketplace.\n\n###  Package.json:\n\nIf you have a package.json file present in your directory path, the tool will look for two things. It will extract the description if it is present, as well all of the keywords that exists within the file.\n\n## <a name="deployments"></a>Deployments\n\ncloudCompose deployments are handle from the application at http://cloudCompose.io. In order to deploy service to your AWS account you must first be a registered user of cloudCompose. Once logged, visit your profile page, and supply your AWS Access Key and Secret. You can also supply a default region to use for your deployments. Once you deploy a service, you can visit the “My Deployments” page to view the status of your deployment.\n\n## <a name="contributions"></a>Contributions\n\ncloudCompose is in beta, and that means there are many features and enhancements planned for the future. It also means we are actively open for any and all feedback to help improve the tool, as well as suggestions for improvement.\n\nNow, go build!\n',
23 silly publish   readmeFilename: 'README.md',
23 silly publish   gitHead: '3bdb14ed51d9bae9983183dd2f46213b32ff5251',
23 silly publish   _id: 'cloudcompose@1.2.1',
23 silly publish   _shasum: 'b6dbcc83b7f23f738327c2832cac20837b729f00',
23 silly publish   _from: '.' }
24 info lifecycle cloudcompose@1.2.1~prepublishOnly: cloudcompose@1.2.1
25 silly lifecycle cloudcompose@1.2.1~prepublishOnly: no script for prepublishOnly, continuing
26 verbose getPublishConfig undefined
27 silly mapToRegistry name cloudcompose
28 silly mapToRegistry using default registry
29 silly mapToRegistry registry https://registry.npmjs.org/
30 silly mapToRegistry data Result {
30 silly mapToRegistry   raw: 'cloudcompose',
30 silly mapToRegistry   scope: null,
30 silly mapToRegistry   escapedName: 'cloudcompose',
30 silly mapToRegistry   name: 'cloudcompose',
30 silly mapToRegistry   rawSpec: '',
30 silly mapToRegistry   spec: 'latest',
30 silly mapToRegistry   type: 'tag' }
31 silly mapToRegistry uri https://registry.npmjs.org/cloudcompose
32 verbose publish registryBase https://registry.npmjs.org/
33 silly publish uploading /Users/rbower/.npm/cloudcompose/1.2.1/package.tgz
34 verbose request uri https://registry.npmjs.org/cloudcompose
35 verbose request sending authorization for write operation
36 info attempt registry request try #1 at 4:10:15 PM
37 verbose request using bearer token for auth
38 verbose request id 09647481f0ca1164
39 http request PUT https://registry.npmjs.org/cloudcompose
40 http 403 https://registry.npmjs.org/cloudcompose
41 verbose headers { 'content-type': 'application/json',
41 verbose headers   'cache-control': 'max-age=300',
41 verbose headers   'content-length': '91',
41 verbose headers   'accept-ranges': 'bytes',
41 verbose headers   date: 'Mon, 04 Sep 2017 20:10:06 GMT',
41 verbose headers   via: '1.1 varnish',
41 verbose headers   connection: 'keep-alive',
41 verbose headers   'x-served-by': 'cache-pdk17822-PDK',
41 verbose headers   'x-cache': 'MISS',
41 verbose headers   'x-cache-hits': '0',
41 verbose headers   'x-timer': 'S1504555805.452330,VS0,VE697',
41 verbose headers   vary: 'Accept-Encoding, Accept' }
42 verbose request invalidating /Users/rbower/.npm/registry.npmjs.org/cloudcompose on PUT
43 error publish Failed PUT 403
44 verbose stack Error: You cannot publish over the previously published version 1.2.1. : cloudcompose
44 verbose stack     at makeError (/Users/rbower/.nvm/versions/node/v7.2.1/lib/node_modules/npm/node_modules/npm-registry-client/lib/request.js:304:12)
44 verbose stack     at CachingRegistryClient.<anonymous> (/Users/rbower/.nvm/versions/node/v7.2.1/lib/node_modules/npm/node_modules/npm-registry-client/lib/request.js:292:14)
44 verbose stack     at Request._callback (/Users/rbower/.nvm/versions/node/v7.2.1/lib/node_modules/npm/node_modules/npm-registry-client/lib/request.js:212:14)
44 verbose stack     at Request.self.callback (/Users/rbower/.nvm/versions/node/v7.2.1/lib/node_modules/npm/node_modules/request/request.js:186:22)
44 verbose stack     at emitTwo (events.js:106:13)
44 verbose stack     at Request.emit (events.js:191:7)
44 verbose stack     at Request.<anonymous> (/Users/rbower/.nvm/versions/node/v7.2.1/lib/node_modules/npm/node_modules/request/request.js:1081:10)
44 verbose stack     at emitOne (events.js:96:13)
44 verbose stack     at Request.emit (events.js:188:7)
44 verbose stack     at IncomingMessage.<anonymous> (/Users/rbower/.nvm/versions/node/v7.2.1/lib/node_modules/npm/node_modules/request/request.js:1001:12)
45 verbose statusCode 403
46 verbose pkgid cloudcompose
47 verbose cwd /Users/rbower/htdocs/cc/cli
48 error Darwin 16.4.0
49 error argv "/Users/rbower/.nvm/versions/node/v7.2.1/bin/node" "/Users/rbower/.nvm/versions/node/v7.2.1/bin/npm" "publish"
50 error node v7.2.1
51 error npm  v4.1.1
52 error code E403
53 error You cannot publish over the previously published version 1.2.1. : cloudcompose
54 error If you need help, you may report this error at:
54 error     <https://github.com/npm/npm/issues>
55 verbose exit [ 1, true ]
